<?xml version="1.0" encoding="UTF-8"?>
<!-- Generated by org.testng.reporters.JUnitReportReporter -->
<testsuite hostname="LAPTOP-MHRHQJH3" name="com.automation.testcases.LoginTestCRM" tests="1" failures="0" timestamp="25 Dec 2019 06:13:59 GMT" time="10.214" errors="0">
  <testcase name="LoginApp" time="10.214" classname="com.automation.testcases.LoginTestCRM"/>
</testsuite> <!-- com.automation.testcases.LoginTestCRM -->
